1000_node
Congratulations you have managed to save all your lem-ins and shall now receive cake
Moves: 39
14node_3path
Congratulations you have managed to save all your lem-ins and shall now receive cake
Moves: 13
42-pdf-1
Congratulations you have managed to save all your lem-ins and shall now receive cake
Moves: 5
42-pdf-2
Congratulations you have managed to save all your lem-ins and shall now receive cake
Moves: 3
42-pfd
Congratulations you have managed to save all your lem-ins and shall now receive cake
Moves: 15
4_way
Congratulations you have managed to save all your lem-ins and shall now receive cake
Moves: 27
9_deep_10_ants
Congratulations you have managed to save all your lem-ins and shall now receive cake
Moves: 18
dead_ends
Congratulations you have managed to save all your lem-ins and shall now receive cake
Moves: 1
simple_1
Congratulations you have managed to save all your lem-ins and shall now receive cake
Moves: 10
simple_100
Congratulations you have managed to save all your lem-ins and shall now receive cake
Moves: 109
simple_commands
Congratulations you have managed to save all your lem-ins and shall now receive cake
Moves: 19
simple_comments
Congratulations you have managed to save all your lem-ins and shall now receive cake
Moves: 14
simplest
Congratulations you have managed to save all your lem-ins and shall now receive cake
Moves: 1
